Determining if the pthread_create exist failed with the following output:
Change Dir: /home/tamura-kosei/works/rosprac/build/CMakeFiles/CMakeTmp

Run Build Command:"/usr/bin/make" "cmTC_e1e53/fast"
/usr/bin/make -f CMakeFiles/cmTC_e1e53.dir/build.make CMakeFiles/cmTC_e1e53.dir/build
make[1]: ディレクトリ '/home/tamura-kosei/works/rosprac/build/CMakeFiles/CMakeTmp' に入ります
Building C object CMakeFiles/cmTC_e1e53.dir/CheckSymbolExists.c.o
/usr/bin/clang     -o CMakeFiles/cmTC_e1e53.dir/CheckSymbolExists.c.o   -c /home/tamura-kosei/works/rosprac/build/CMakeFiles/CMakeTmp/CheckSymbolExists.c
Linking C executable cmTC_e1e53
/usr/bin/cmake -E cmake_link_script CMakeFiles/cmTC_e1e53.dir/link.txt --verbose=1
/usr/bin/clang       CMakeFiles/cmTC_e1e53.dir/CheckSymbolExists.c.o  -o cmTC_e1e53 -rdynamic 
CMakeFiles/cmTC_e1e53.dir/CheckSymbolExists.c.o: 関数 `main' 内:
CheckSymbolExists.c:(.text+0x19): `pthread_create' に対する定義されていない参照です
clang: error: linker command failed with exit code 1 (use -v to see invocation)
CMakeFiles/cmTC_e1e53.dir/build.make:97: ターゲット 'cmTC_e1e53' のレシピで失敗しました
make[1]: *** [cmTC_e1e53] エラー 1
make[1]: ディレクトリ '/home/tamura-kosei/works/rosprac/build/CMakeFiles/CMakeTmp' から出ます
Makefile:126: ターゲット 'cmTC_e1e53/fast' のレシピで失敗しました
make: *** [cmTC_e1e53/fast] エラー 2

File /home/tamura-kosei/works/rosprac/build/CMakeFiles/CMakeTmp/CheckSymbolExists.c:
/* */
#include <pthread.h>

int main(int argc, char** argv)
{
  (void)argv;
#ifndef pthread_create
  return ((int*)(&pthread_create))[argc];
#else
  (void)argc;
  return 0;
#endif
}

Determining if the function pthread_create exists in the pthreads failed with the following output:
Change Dir: /home/tamura-kosei/works/rosprac/build/CMakeFiles/CMakeTmp

Run Build Command:"/usr/bin/make" "cmTC_074ae/fast"
/usr/bin/make -f CMakeFiles/cmTC_074ae.dir/build.make CMakeFiles/cmTC_074ae.dir/build
make[1]: ディレクトリ '/home/tamura-kosei/works/rosprac/build/CMakeFiles/CMakeTmp' に入ります
Building C object CMakeFiles/cmTC_074ae.dir/CheckFunctionExists.c.o
/usr/bin/clang    -DCHECK_FUNCTION_EXISTS=pthread_create   -o CMakeFiles/cmTC_074ae.dir/CheckFunctionExists.c.o   -c /usr/share/cmake-3.5/Modules/CheckFunctionExists.c
Linking C executable cmTC_074ae
/usr/bin/cmake -E cmake_link_script CMakeFiles/cmTC_074ae.dir/link.txt --verbose=1
/usr/bin/clang   -DCHECK_FUNCTION_EXISTS=pthread_create    CMakeFiles/cmTC_074ae.dir/CheckFunctionExists.c.o  -o cmTC_074ae -rdynamic -lpthreads 
/usr/bin/ld: -lpthreads が見つかりません
clang: error: linker command failed with exit code 1 (use -v to see invocation)
CMakeFiles/cmTC_074ae.dir/build.make:97: ターゲット 'cmTC_074ae' のレシピで失敗しました
make[1]: *** [cmTC_074ae] エラー 1
make[1]: ディレクトリ '/home/tamura-kosei/works/rosprac/build/CMakeFiles/CMakeTmp' から出ます
Makefile:126: ターゲット 'cmTC_074ae/fast' のレシピで失敗しました
make: *** [cmTC_074ae/fast] エラー 2


